 [LOGGER] 2025-10-26 03:01:52.589 AM error : uncaughtException: productRouter is not defined
ReferenceError: productRouter is not defined
    at file:///D:/belajar/pos-expressjs-reactjs/backend/src/routes/product.route.js:22:1
    at ModuleJob.run (node:internal/modules/esm/module_job:345:25)
    at process.processTicksAndRejections (node:internal/process/task_queues:105:5)
    at async onImport.tracePromise.__proto__ (node:internal/modules/esm/loader:665:26)
    at async asyncRunEntryPointWithESMLoader (node:internal/modules/run_main:117:5)
 [LOGGER] 2025-10-26 03:09:19.883 AM error : uncaughtException: checkAccessReport is not defined
ReferenceError: checkAccessReport is not defined
    at file:///D:/belajar/pos-expressjs-reactjs/backend/src/routes/product.route.js:20:48
    at ModuleJob.run (node:internal/modules/esm/module_job:345:25)
    at process.processTicksAndRejections (node:internal/process/task_queues:105:5)
    at async onImport.tracePromise.__proto__ (node:internal/modules/esm/loader:665:26)
    at async asyncRunEntryPointWithESMLoader (node:internal/modules/run_main:117:5)
 [LOGGER] 2025-10-26 05:11:56.106 AM error : uncaughtException: Joi is not defined
ReferenceError: Joi is not defined
    at userUpdateValidation (file:///D:/belajar/pos-expressjs-reactjs/backend/src/validations/user.validation.js:40:22)
    at updateUser (file:///D:/belajar/pos-expressjs-reactjs/backend/src/controllers/user.controller.js:62:28)
 [LOGGER] 2025-10-26 05:15:43.336 AM error : uncaughtException: Joi is not defined
ReferenceError: Joi is not defined
    at userValidation (file:///D:/belajar/pos-expressjs-reactjs/backend/src/validations/user.validation.js:18:22)
    at createUser (file:///D:/belajar/pos-expressjs-reactjs/backend/src/controllers/user.controller.js:16:28)
    at Layer.handle [as handle_request] (D:\belajar\pos-expressjs-reactjs\backend\node_modules\express\lib\router\layer.js:95:5)
    at next (D:\belajar\pos-expressjs-reactjs\backend\node_modules\express\lib\router\route.js:149:13)
    at Route.dispatch (D:\belajar\pos-expressjs-reactjs\backend\node_modules\express\lib\router\route.js:119:3)
    at Layer.handle [as handle_request] (D:\belajar\pos-expressjs-reactjs\backend\node_modules\express\lib\router\layer.js:95:5)
    at D:\belajar\pos-expressjs-reactjs\backend\node_modules\express\lib\router\index.js:284:15
    at Function.process_params (D:\belajar\pos-expressjs-reactjs\backend\node_modules\express\lib\router\index.js:346:12)
    at next (D:\belajar\pos-expressjs-reactjs\backend\node_modules\express\lib\router\index.js:280:10)
    at Function.handle (D:\belajar\pos-expressjs-reactjs\backend\node_modules\express\lib\router\index.js:175:3)
    at router (D:\belajar\pos-expressjs-reactjs\backend\node_modules\express\lib\router\index.js:47:12)
    at Layer.handle [as handle_request] (D:\belajar\pos-expressjs-reactjs\backend\node_modules\express\lib\router\layer.js:95:5)
    at trim_prefix (D:\belajar\pos-expressjs-reactjs\backend\node_modules\express\lib\router\index.js:328:13)
    at D:\belajar\pos-expressjs-reactjs\backend\node_modules\express\lib\router\index.js:286:9
    at Function.process_params (D:\belajar\pos-expressjs-reactjs\backend\node_modules\express\lib\router\index.js:346:12)
    at next (D:\belajar\pos-expressjs-reactjs\backend\node_modules\express\lib\router\index.js:280:10)
 [LOGGER] 2025-10-26 05:35:14.770 AM error : uncaughtException: Joi is not defined
ReferenceError: Joi is not defined
    at userUpdateValidation (file:///D:/belajar/pos-expressjs-reactjs/backend/src/validations/user.validation.js:40:22)
    at updateUser (file:///D:/belajar/pos-expressjs-reactjs/backend/src/controllers/user.controller.js:62:28)
 [LOGGER] 2025-10-26 05:39:30.019 AM error : uncaughtException: Joi is not defined
ReferenceError: Joi is not defined
    at userUpdateValidation (file:///D:/belajar/pos-expressjs-reactjs/backend/src/validations/user.validation.js:40:22)
    at updateUser (file:///D:/belajar/pos-expressjs-reactjs/backend/src/controllers/user.controller.js:62:28)
 [LOGGER] 2025-10-26 05:42:01.077 AM error : uncaughtException: joi is not defined
ReferenceError: joi is not defined
    at userUpdateValidation (file:///D:/belajar/pos-expressjs-reactjs/backend/src/validations/user.validation.js:26:18)
    at updateUser (file:///D:/belajar/pos-expressjs-reactjs/backend/src/controllers/user.controller.js:62:28)
 [LOGGER] 2025-10-26 05:44:21.243 AM error : controllers/user.controller.js:setRefreshToken - 
Invalid `prisma.user.findUnique()` invocation:


Can't reach database server at `localhost:3306`

Please make sure your database server is running at `localhost:3306`.
 [LOGGER] 2025-10-26 05:45:15.109 AM error : uncaughtException: Joi is not defined
ReferenceError: Joi is not defined
    at userUpdateValidation (file:///D:/belajar/pos-expressjs-reactjs/backend/src/validations/user.validation.js:40:22)
    at updateUser (file:///D:/belajar/pos-expressjs-reactjs/backend/src/controllers/user.controller.js:62:28)
 [LOGGER] 2025-10-26 05:46:39.067 AM error : uncaughtException: Joi is not defined
ReferenceError: Joi is not defined
    at userUpdateValidation (file:///D:/belajar/pos-expressjs-reactjs/backend/src/validations/user.validation.js:40:22)
    at updateUser (file:///D:/belajar/pos-expressjs-reactjs/backend/src/controllers/user.controller.js:62:28)
 [LOGGER] 2025-10-26 06:08:42.662 AM error : uncaughtException: Joi is not defined
ReferenceError: Joi is not defined
    at userUpdateValidation (file:///D:/belajar/pos-expressjs-reactjs/backend/src/validations/user.validation.js:26:18)
    at updateUser (file:///D:/belajar/pos-expressjs-reactjs/backend/src/controllers/user.controller.js:62:28)
 [LOGGER] 2025-10-26 06:10:13.943 AM error : uncaughtException: Joi is not defined
ReferenceError: Joi is not defined
    at userUpdateValidation (file:///D:/belajar/pos-expressjs-reactjs/backend/src/validations/user.validation.js:48:43)
    at updateUser (file:///D:/belajar/pos-expressjs-reactjs/backend/src/controllers/user.controller.js:62:28)
